2024-05-25 19:14:05,909 [Worker-2: Loading available Gradle versions] INFO  o.e.b.c.i.u.g.PublishedGradleVersions - Gradle version information cache is up-to-date. Trying to read.
2024-05-25 19:17:05,269 [Worker-13: Creating maven-archetype-quickstart] INFO  o.e.m.c.i.p.ProjectConfigurationManager - Collecting project info '/pom.xml' D:\AViIT\Demos\ExtentDemos\ForExtentReport_Listners\pom.xml
2024-05-25 19:17:07,192 [Worker-13: Creating maven-archetype-quickstart] INFO  o.e.m.c.i.l.LifecycleMappingFactory - Using org.eclipse.m2e.jdt.JarLifecycleMapping lifecycle mapping for MavenProject: ForExtentReport_Listners:ForExtentReport_Listners:0.0.1-SNAPSHOT @ D:\AViIT\Demos\ExtentDemos\ForExtentReport_Listners\pom.xml.
2024-05-25 19:17:07,662 [Worker-13: Creating maven-archetype-quickstart] INFO  o.e.m.j.i.AbstractJavaProjectConfigurator - Adding source folder /ForExtentReport_Listners/src/main/java
2024-05-25 19:17:07,706 [Worker-13: Creating maven-archetype-quickstart] INFO  o.e.m.j.i.AbstractJavaProjectConfigurator - Adding source folder /ForExtentReport_Listners/src/test/java
2024-05-25 19:17:08,250 [Worker-13: Creating maven-archetype-quickstart] INFO  o.e.m.c.i.p.ProjectConfigurationManager - Imported and configured 1 project(s) in 2 sec
2024-05-25 19:17:09,654 [Worker-7: Building] INFO  o.e.m.c.i.embedder.EclipseLogger - Using 'UTF-8' encoding to copy filtered resources.
2024-05-25 19:17:09,654 [Worker-7: Building] INFO  o.e.m.c.i.embedder.EclipseLogger - skip non existing resourceDirectory D:\AViIT\Demos\ExtentDemos\ForExtentReport_Listners\src\main\resources
2024-05-25 19:17:09,657 [Worker-7: Building] INFO  o.e.m.c.i.embedder.EclipseLogger - Using 'UTF-8' encoding to copy filtered resources.
2024-05-25 19:17:09,658 [Worker-7: Building] INFO  o.e.m.c.i.embedder.EclipseLogger - skip non existing resourceDirectory D:\AViIT\Demos\ExtentDemos\ForExtentReport_Listners\src\test\resources
2024-05-25 19:17:41,712 [Worker-7: Building] INFO  o.e.m.c.i.embedder.EclipseLogger - Using 'UTF-8' encoding to copy filtered resources.
2024-05-25 19:17:41,712 [Worker-7: Building] INFO  o.e.m.c.i.embedder.EclipseLogger - skip non existing resourceDirectory D:\AViIT\Demos\ExtentDemos\ForExtentReport_Listners\src\main\resources
2024-05-25 19:17:41,715 [Worker-7: Building] INFO  o.e.m.c.i.embedder.EclipseLogger - Using 'UTF-8' encoding to copy filtered resources.
2024-05-25 19:17:41,715 [Worker-7: Building] INFO  o.e.m.c.i.embedder.EclipseLogger - skip non existing resourceDirectory D:\AViIT\Demos\ExtentDemos\ForExtentReport_Listners\src\test\resources
2024-05-25 19:17:51,243 [Worker-3: Building] INFO  o.e.m.c.i.embedder.EclipseLogger - Using 'UTF-8' encoding to copy filtered resources.
2024-05-25 19:17:51,244 [Worker-3: Building] INFO  o.e.m.c.i.embedder.EclipseLogger - skip non existing resourceDirectory D:\AViIT\Demos\ExtentDemos\ForExtentReport_Listners\src\main\resources
2024-05-25 19:17:51,246 [Worker-3: Building] INFO  o.e.m.c.i.embedder.EclipseLogger - Using 'UTF-8' encoding to copy filtered resources.
2024-05-25 19:17:51,246 [Worker-3: Building] INFO  o.e.m.c.i.embedder.EclipseLogger - skip non existing resourceDirectory D:\AViIT\Demos\ExtentDemos\ForExtentReport_Listners\src\test\resources
2024-05-25 19:17:56,192 [Worker-14: Building] INFO  o.e.m.c.i.l.LifecycleMappingFactory - Using org.eclipse.m2e.jdt.JarLifecycleMapping lifecycle mapping for MavenProject: ForExtentReport_Listners:ForExtentReport_Listners:0.0.1-SNAPSHOT @ D:\AViIT\Demos\ExtentDemos\ForExtentReport_Listners\pom.xml.
2024-05-25 19:17:56,465 [Worker-14: Building] INFO  o.e.m.c.i.embedder.EclipseLogger - Using 'UTF-8' encoding to copy filtered resources.
2024-05-25 19:17:56,466 [Worker-14: Building] INFO  o.e.m.c.i.embedder.EclipseLogger - skip non existing resourceDirectory D:\AViIT\Demos\ExtentDemos\ForExtentReport_Listners\src\main\resources
2024-05-25 19:17:56,468 [Worker-14: Building] INFO  o.e.m.c.i.embedder.EclipseLogger - Using 'UTF-8' encoding to copy filtered resources.
2024-05-25 19:17:56,470 [Worker-14: Building] INFO  o.e.m.c.i.embedder.EclipseLogger - skip non existing resourceDirectory D:\AViIT\Demos\ExtentDemos\ForExtentReport_Listners\src\test\resources
2024-05-25 19:19:15,776 [Worker-13: Building] INFO  o.e.m.c.i.l.LifecycleMappingFactory - Using org.eclipse.m2e.jdt.JarLifecycleMapping lifecycle mapping for MavenProject: ForExtentReport_Listners:ForExtentReport_Listners:0.0.1-SNAPSHOT @ D:\AViIT\Demos\ExtentDemos\ForExtentReport_Listners\pom.xml.
2024-05-25 19:19:16,564 [Worker-13: Building] INFO  o.e.m.c.i.embedder.EclipseLogger - Using 'UTF-8' encoding to copy filtered resources.
2024-05-25 19:19:16,564 [Worker-13: Building] INFO  o.e.m.c.i.embedder.EclipseLogger - skip non existing resourceDirectory D:\AViIT\Demos\ExtentDemos\ForExtentReport_Listners\src\main\resources
2024-05-25 19:19:16,567 [Worker-13: Building] INFO  o.e.m.c.i.embedder.EclipseLogger - Using 'UTF-8' encoding to copy filtered resources.
2024-05-25 19:19:16,568 [Worker-13: Building] INFO  o.e.m.c.i.embedder.EclipseLogger - skip non existing resourceDirectory D:\AViIT\Demos\ExtentDemos\ForExtentReport_Listners\src\test\resources
2024-05-25 19:20:06,626 [Worker-3: Building] INFO  o.e.m.c.i.embedder.EclipseLogger - Using 'UTF-8' encoding to copy filtered resources.
2024-05-25 19:20:06,626 [Worker-3: Building] INFO  o.e.m.c.i.embedder.EclipseLogger - skip non existing resourceDirectory D:\AViIT\Demos\ExtentDemos\ForExtentReport_Listners\src\main\resources
2024-05-25 19:20:06,629 [Worker-3: Building] INFO  o.e.m.c.i.embedder.EclipseLogger - Using 'UTF-8' encoding to copy filtered resources.
2024-05-25 19:20:06,629 [Worker-3: Building] INFO  o.e.m.c.i.embedder.EclipseLogger - skip non existing resourceDirectory D:\AViIT\Demos\ExtentDemos\ForExtentReport_Listners\src\test\resources
2024-05-25 19:20:23,417 [Worker-12: Building] INFO  o.e.m.c.i.embedder.EclipseLogger - Using 'UTF-8' encoding to copy filtered resources.
2024-05-25 19:20:23,418 [Worker-12: Building] INFO  o.e.m.c.i.embedder.EclipseLogger - skip non existing resourceDirectory D:\AViIT\Demos\ExtentDemos\ForExtentReport_Listners\src\main\resources
2024-05-25 19:20:23,422 [Worker-12: Building] INFO  o.e.m.c.i.embedder.EclipseLogger - Using 'UTF-8' encoding to copy filtered resources.
2024-05-25 19:20:23,422 [Worker-12: Building] INFO  o.e.m.c.i.embedder.EclipseLogger - skip non existing resourceDirectory D:\AViIT\Demos\ExtentDemos\ForExtentReport_Listners\src\test\resources
2024-05-25 19:20:24,462 [Worker-3: Building] INFO  o.e.m.c.i.embedder.EclipseLogger - Using 'UTF-8' encoding to copy filtered resources.
2024-05-25 19:20:24,465 [Worker-3: Building] INFO  o.e.m.c.i.embedder.EclipseLogger - skip non existing resourceDirectory D:\AViIT\Demos\ExtentDemos\ForExtentReport_Listners\src\main\resources
2024-05-25 19:20:24,491 [Worker-3: Building] INFO  o.e.m.c.i.embedder.EclipseLogger - Using 'UTF-8' encoding to copy filtered resources.
2024-05-25 19:20:24,491 [Worker-3: Building] INFO  o.e.m.c.i.embedder.EclipseLogger - skip non existing resourceDirectory D:\AViIT\Demos\ExtentDemos\ForExtentReport_Listners\src\test\resources
2024-05-25 19:21:48,155 [Worker-14: Building] INFO  o.e.m.c.i.embedder.EclipseLogger - Using 'UTF-8' encoding to copy filtered resources.
2024-05-25 19:21:48,155 [Worker-14: Building] INFO  o.e.m.c.i.embedder.EclipseLogger - skip non existing resourceDirectory D:\AViIT\Demos\ExtentDemos\ForExtentReport_Listners\src\main\resources
2024-05-25 19:21:48,157 [Worker-14: Building] INFO  o.e.m.c.i.embedder.EclipseLogger - Using 'UTF-8' encoding to copy filtered resources.
2024-05-25 19:21:48,157 [Worker-14: Building] INFO  o.e.m.c.i.embedder.EclipseLogger - skip non existing resourceDirectory D:\AViIT\Demos\ExtentDemos\ForExtentReport_Listners\src\test\resources
2024-05-25 19:23:23,432 [Worker-13: Building] INFO  o.e.m.c.i.embedder.EclipseLogger - Using 'UTF-8' encoding to copy filtered resources.
2024-05-25 19:23:23,432 [Worker-13: Building] INFO  o.e.m.c.i.embedder.EclipseLogger - skip non existing resourceDirectory D:\AViIT\Demos\ExtentDemos\ForExtentReport_Listners\src\main\resources
2024-05-25 19:23:23,433 [Worker-13: Building] INFO  o.e.m.c.i.embedder.EclipseLogger - Using 'UTF-8' encoding to copy filtered resources.
2024-05-25 19:23:23,433 [Worker-13: Building] INFO  o.e.m.c.i.embedder.EclipseLogger - skip non existing resourceDirectory D:\AViIT\Demos\ExtentDemos\ForExtentReport_Listners\src\test\resources
2024-05-25 19:24:10,678 [Worker-13: Building] INFO  o.e.m.c.i.embedder.EclipseLogger - Using 'UTF-8' encoding to copy filtered resources.
2024-05-25 19:24:10,678 [Worker-13: Building] INFO  o.e.m.c.i.embedder.EclipseLogger - skip non existing resourceDirectory D:\AViIT\Demos\ExtentDemos\ForExtentReport_Listners\src\main\resources
2024-05-25 19:24:10,680 [Worker-13: Building] INFO  o.e.m.c.i.embedder.EclipseLogger - Using 'UTF-8' encoding to copy filtered resources.
2024-05-25 19:24:10,680 [Worker-13: Building] INFO  o.e.m.c.i.embedder.EclipseLogger - skip non existing resourceDirectory D:\AViIT\Demos\ExtentDemos\ForExtentReport_Listners\src\test\resources
2024-05-25 19:24:30,723 [Worker-14: Building] INFO  o.e.m.c.i.embedder.EclipseLogger - Using 'UTF-8' encoding to copy filtered resources.
2024-05-25 19:24:30,723 [Worker-14: Building] INFO  o.e.m.c.i.embedder.EclipseLogger - skip non existing resourceDirectory D:\AViIT\Demos\ExtentDemos\ForExtentReport_Listners\src\main\resources
2024-05-25 19:24:30,726 [Worker-14: Building] INFO  o.e.m.c.i.embedder.EclipseLogger - Using 'UTF-8' encoding to copy filtered resources.
2024-05-25 19:24:30,727 [Worker-14: Building] INFO  o.e.m.c.i.embedder.EclipseLogger - skip non existing resourceDirectory D:\AViIT\Demos\ExtentDemos\ForExtentReport_Listners\src\test\resources
2024-05-25 19:25:56,614 [Worker-14: Building] INFO  o.e.m.c.i.embedder.EclipseLogger - Using 'UTF-8' encoding to copy filtered resources.
2024-05-25 19:25:56,614 [Worker-14: Building] INFO  o.e.m.c.i.embedder.EclipseLogger - skip non existing resourceDirectory D:\AViIT\Demos\ExtentDemos\ForExtentReport_Listners\src\main\resources
2024-05-25 19:25:56,616 [Worker-14: Building] INFO  o.e.m.c.i.embedder.EclipseLogger - Using 'UTF-8' encoding to copy filtered resources.
2024-05-25 19:25:56,616 [Worker-14: Building] INFO  o.e.m.c.i.embedder.EclipseLogger - skip non existing resourceDirectory D:\AViIT\Demos\ExtentDemos\ForExtentReport_Listners\src\test\resources
2024-05-25 19:26:06,848 [Worker-7: Building] INFO  o.e.m.c.i.embedder.EclipseLogger - Using 'UTF-8' encoding to copy filtered resources.
2024-05-25 19:26:06,848 [Worker-7: Building] INFO  o.e.m.c.i.embedder.EclipseLogger - skip non existing resourceDirectory D:\AViIT\Demos\ExtentDemos\ForExtentReport_Listners\src\main\resources
2024-05-25 19:26:06,850 [Worker-7: Building] INFO  o.e.m.c.i.embedder.EclipseLogger - Using 'UTF-8' encoding to copy filtered resources.
2024-05-25 19:26:06,850 [Worker-7: Building] INFO  o.e.m.c.i.embedder.EclipseLogger - skip non existing resourceDirectory D:\AViIT\Demos\ExtentDemos\ForExtentReport_Listners\src\test\resources
2024-05-25 19:27:11,756 [Worker-12: Building] INFO  o.e.m.c.i.embedder.EclipseLogger - Using 'UTF-8' encoding to copy filtered resources.
2024-05-25 19:27:11,756 [Worker-12: Building] INFO  o.e.m.c.i.embedder.EclipseLogger - skip non existing resourceDirectory D:\AViIT\Demos\ExtentDemos\ForExtentReport_Listners\src\main\resources
2024-05-25 19:27:11,758 [Worker-12: Building] INFO  o.e.m.c.i.embedder.EclipseLogger - Using 'UTF-8' encoding to copy filtered resources.
2024-05-25 19:27:11,759 [Worker-12: Building] INFO  o.e.m.c.i.embedder.EclipseLogger - skip non existing resourceDirectory D:\AViIT\Demos\ExtentDemos\ForExtentReport_Listners\src\test\resources
2024-05-25 19:27:48,237 [Worker-13: Building] INFO  o.e.m.c.i.embedder.EclipseLogger - Using 'UTF-8' encoding to copy filtered resources.
2024-05-25 19:27:48,237 [Worker-13: Building] INFO  o.e.m.c.i.embedder.EclipseLogger - skip non existing resourceDirectory D:\AViIT\Demos\ExtentDemos\ForExtentReport_Listners\src\main\resources
2024-05-25 19:27:48,240 [Worker-13: Building] INFO  o.e.m.c.i.embedder.EclipseLogger - Using 'UTF-8' encoding to copy filtered resources.
2024-05-25 19:27:48,240 [Worker-13: Building] INFO  o.e.m.c.i.embedder.EclipseLogger - skip non existing resourceDirectory D:\AViIT\Demos\ExtentDemos\ForExtentReport_Listners\src\test\resources
2024-05-25 19:28:30,990 [Worker-14: Building] INFO  o.e.m.c.i.embedder.EclipseLogger - Using 'UTF-8' encoding to copy filtered resources.
2024-05-25 19:28:30,990 [Worker-14: Building] INFO  o.e.m.c.i.embedder.EclipseLogger - skip non existing resourceDirectory D:\AViIT\Demos\ExtentDemos\ForExtentReport_Listners\src\main\resources
2024-05-25 19:28:30,991 [Worker-14: Building] INFO  o.e.m.c.i.embedder.EclipseLogger - Using 'UTF-8' encoding to copy filtered resources.
2024-05-25 19:28:30,991 [Worker-14: Building] INFO  o.e.m.c.i.embedder.EclipseLogger - skip non existing resourceDirectory D:\AViIT\Demos\ExtentDemos\ForExtentReport_Listners\src\test\resources
2024-05-25 19:29:04,565 [Worker-3: Building] INFO  o.e.m.c.i.embedder.EclipseLogger - Using 'UTF-8' encoding to copy filtered resources.
2024-05-25 19:29:04,565 [Worker-3: Building] INFO  o.e.m.c.i.embedder.EclipseLogger - skip non existing resourceDirectory D:\AViIT\Demos\ExtentDemos\ForExtentReport_Listners\src\main\resources
2024-05-25 19:29:04,567 [Worker-3: Building] INFO  o.e.m.c.i.embedder.EclipseLogger - Using 'UTF-8' encoding to copy filtered resources.
2024-05-25 19:29:04,567 [Worker-3: Building] INFO  o.e.m.c.i.embedder.EclipseLogger - skip non existing resourceDirectory D:\AViIT\Demos\ExtentDemos\ForExtentReport_Listners\src\test\resources
2024-05-25 19:29:10,008 [Worker-3: Building] INFO  o.e.m.c.i.embedder.EclipseLogger - Using 'UTF-8' encoding to copy filtered resources.
2024-05-25 19:29:10,009 [Worker-3: Building] INFO  o.e.m.c.i.embedder.EclipseLogger - skip non existing resourceDirectory D:\AViIT\Demos\ExtentDemos\ForExtentReport_Listners\src\main\resources
2024-05-25 19:29:10,010 [Worker-3: Building] INFO  o.e.m.c.i.embedder.EclipseLogger - Using 'UTF-8' encoding to copy filtered resources.
2024-05-25 19:29:10,010 [Worker-3: Building] INFO  o.e.m.c.i.embedder.EclipseLogger - skip non existing resourceDirectory D:\AViIT\Demos\ExtentDemos\ForExtentReport_Listners\src\test\resources
2024-05-25 19:29:13,745 [Worker-7: Building] INFO  o.e.m.c.i.embedder.EclipseLogger - Using 'UTF-8' encoding to copy filtered resources.
2024-05-25 19:29:13,745 [Worker-7: Building] INFO  o.e.m.c.i.embedder.EclipseLogger - skip non existing resourceDirectory D:\AViIT\Demos\ExtentDemos\ForExtentReport_Listners\src\main\resources
2024-05-25 19:29:13,748 [Worker-7: Building] INFO  o.e.m.c.i.embedder.EclipseLogger - Using 'UTF-8' encoding to copy filtered resources.
2024-05-25 19:29:13,748 [Worker-7: Building] INFO  o.e.m.c.i.embedder.EclipseLogger - skip non existing resourceDirectory D:\AViIT\Demos\ExtentDemos\ForExtentReport_Listners\src\test\resources
2024-05-25 19:29:46,138 [Worker-14: Building] INFO  o.e.m.c.i.embedder.EclipseLogger - Using 'UTF-8' encoding to copy filtered resources.
2024-05-25 19:29:46,138 [Worker-14: Building] INFO  o.e.m.c.i.embedder.EclipseLogger - skip non existing resourceDirectory D:\AViIT\Demos\ExtentDemos\ForExtentReport_Listners\src\main\resources
2024-05-25 19:29:46,140 [Worker-14: Building] INFO  o.e.m.c.i.embedder.EclipseLogger - Using 'UTF-8' encoding to copy filtered resources.
2024-05-25 19:29:46,140 [Worker-14: Building] INFO  o.e.m.c.i.embedder.EclipseLogger - skip non existing resourceDirectory D:\AViIT\Demos\ExtentDemos\ForExtentReport_Listners\src\test\resources
2024-05-25 19:30:25,936 [Worker-12: Building] INFO  o.e.m.c.i.embedder.EclipseLogger - Using 'UTF-8' encoding to copy filtered resources.
2024-05-25 19:30:25,936 [Worker-12: Building] INFO  o.e.m.c.i.embedder.EclipseLogger - skip non existing resourceDirectory D:\AViIT\Demos\ExtentDemos\ForExtentReport_Listners\src\main\resources
2024-05-25 19:30:25,938 [Worker-12: Building] INFO  o.e.m.c.i.embedder.EclipseLogger - Using 'UTF-8' encoding to copy filtered resources.
2024-05-25 19:30:25,938 [Worker-12: Building] INFO  o.e.m.c.i.embedder.EclipseLogger - skip non existing resourceDirectory D:\AViIT\Demos\ExtentDemos\ForExtentReport_Listners\src\test\resources
2024-05-25 19:30:33,731 [Worker-14: Building] INFO  o.e.m.c.i.embedder.EclipseLogger - Using 'UTF-8' encoding to copy filtered resources.
2024-05-25 19:30:33,732 [Worker-14: Building] INFO  o.e.m.c.i.embedder.EclipseLogger - skip non existing resourceDirectory D:\AViIT\Demos\ExtentDemos\ForExtentReport_Listners\src\main\resources
2024-05-25 19:30:33,733 [Worker-14: Building] INFO  o.e.m.c.i.embedder.EclipseLogger - Using 'UTF-8' encoding to copy filtered resources.
2024-05-25 19:30:33,733 [Worker-14: Building] INFO  o.e.m.c.i.embedder.EclipseLogger - skip non existing resourceDirectory D:\AViIT\Demos\ExtentDemos\ForExtentReport_Listners\src\test\resources
2024-05-25 19:30:57,936 [Worker-7: Building] INFO  o.e.m.c.i.embedder.EclipseLogger - Using 'UTF-8' encoding to copy filtered resources.
2024-05-25 19:30:57,936 [Worker-7: Building] INFO  o.e.m.c.i.embedder.EclipseLogger - skip non existing resourceDirectory D:\AViIT\Demos\ExtentDemos\ForExtentReport_Listners\src\main\resources
2024-05-25 19:30:57,938 [Worker-7: Building] INFO  o.e.m.c.i.embedder.EclipseLogger - Using 'UTF-8' encoding to copy filtered resources.
2024-05-25 19:30:57,938 [Worker-7: Building] INFO  o.e.m.c.i.embedder.EclipseLogger - skip non existing resourceDirectory D:\AViIT\Demos\ExtentDemos\ForExtentReport_Listners\src\test\resources
2024-05-25 19:31:48,051 [Worker-15: Building] INFO  o.e.m.c.i.embedder.EclipseLogger - Using 'UTF-8' encoding to copy filtered resources.
2024-05-25 19:31:48,052 [Worker-15: Building] INFO  o.e.m.c.i.embedder.EclipseLogger - skip non existing resourceDirectory D:\AViIT\Demos\ExtentDemos\ForExtentReport_Listners\src\main\resources
2024-05-25 19:31:48,053 [Worker-15: Building] INFO  o.e.m.c.i.embedder.EclipseLogger - Using 'UTF-8' encoding to copy filtered resources.
2024-05-25 19:31:48,053 [Worker-15: Building] INFO  o.e.m.c.i.embedder.EclipseLogger - skip non existing resourceDirectory D:\AViIT\Demos\ExtentDemos\ForExtentReport_Listners\src\test\resources
2024-05-25 19:34:45,709 [Worker-7: Building] INFO  o.e.m.c.i.embedder.EclipseLogger - Using 'UTF-8' encoding to copy filtered resources.
2024-05-25 19:34:45,710 [Worker-7: Building] INFO  o.e.m.c.i.embedder.EclipseLogger - skip non existing resourceDirectory D:\AViIT\Demos\ExtentDemos\ForExtentReport_Listners\src\main\resources
2024-05-25 19:34:45,711 [Worker-7: Building] INFO  o.e.m.c.i.embedder.EclipseLogger - Using 'UTF-8' encoding to copy filtered resources.
2024-05-25 19:34:45,711 [Worker-7: Building] INFO  o.e.m.c.i.embedder.EclipseLogger - skip non existing resourceDirectory D:\AViIT\Demos\ExtentDemos\ForExtentReport_Listners\src\test\resources
2024-05-25 19:35:31,441 [Worker-13: Building] INFO  o.e.m.c.i.embedder.EclipseLogger - Using 'UTF-8' encoding to copy filtered resources.
2024-05-25 19:35:31,442 [Worker-13: Building] INFO  o.e.m.c.i.embedder.EclipseLogger - skip non existing resourceDirectory D:\AViIT\Demos\ExtentDemos\ForExtentReport_Listners\src\main\resources
2024-05-25 19:35:31,443 [Worker-13: Building] INFO  o.e.m.c.i.embedder.EclipseLogger - Using 'UTF-8' encoding to copy filtered resources.
2024-05-25 19:35:31,443 [Worker-13: Building] INFO  o.e.m.c.i.embedder.EclipseLogger - skip non existing resourceDirectory D:\AViIT\Demos\ExtentDemos\ForExtentReport_Listners\src\test\resources
2024-05-25 19:36:09,231 [Worker-13: Building] INFO  o.e.m.c.i.embedder.EclipseLogger - Using 'UTF-8' encoding to copy filtered resources.
2024-05-25 19:36:09,232 [Worker-13: Building] INFO  o.e.m.c.i.embedder.EclipseLogger - skip non existing resourceDirectory D:\AViIT\Demos\ExtentDemos\ForExtentReport_Listners\src\main\resources
2024-05-25 19:36:09,233 [Worker-13: Building] INFO  o.e.m.c.i.embedder.EclipseLogger - Using 'UTF-8' encoding to copy filtered resources.
2024-05-25 19:36:09,233 [Worker-13: Building] INFO  o.e.m.c.i.embedder.EclipseLogger - skip non existing resourceDirectory D:\AViIT\Demos\ExtentDemos\ForExtentReport_Listners\src\test\resources
2024-05-25 19:37:42,589 [Worker-12: Building] INFO  o.e.m.c.i.embedder.EclipseLogger - Using 'UTF-8' encoding to copy filtered resources.
2024-05-25 19:37:42,590 [Worker-12: Building] INFO  o.e.m.c.i.embedder.EclipseLogger - skip non existing resourceDirectory D:\AViIT\Demos\ExtentDemos\ForExtentReport_Listners\src\main\resources
2024-05-25 19:37:42,591 [Worker-12: Building] INFO  o.e.m.c.i.embedder.EclipseLogger - Using 'UTF-8' encoding to copy filtered resources.
2024-05-25 19:37:42,591 [Worker-12: Building] INFO  o.e.m.c.i.embedder.EclipseLogger - skip non existing resourceDirectory D:\AViIT\Demos\ExtentDemos\ForExtentReport_Listners\src\test\resources
2024-05-25 19:38:35,391 [Worker-12: Building] INFO  o.e.m.c.i.embedder.EclipseLogger - Using 'UTF-8' encoding to copy filtered resources.
2024-05-25 19:38:35,391 [Worker-12: Building] INFO  o.e.m.c.i.embedder.EclipseLogger - skip non existing resourceDirectory D:\AViIT\Demos\ExtentDemos\ForExtentReport_Listners\src\main\resources
2024-05-25 19:38:35,393 [Worker-12: Building] INFO  o.e.m.c.i.embedder.EclipseLogger - Using 'UTF-8' encoding to copy filtered resources.
2024-05-25 19:38:35,393 [Worker-12: Building] INFO  o.e.m.c.i.embedder.EclipseLogger - skip non existing resourceDirectory D:\AViIT\Demos\ExtentDemos\ForExtentReport_Listners\src\test\resources
2024-05-25 19:39:36,204 [Worker-14: Building] INFO  o.e.m.c.i.embedder.EclipseLogger - Using 'UTF-8' encoding to copy filtered resources.
2024-05-25 19:39:36,204 [Worker-14: Building] INFO  o.e.m.c.i.embedder.EclipseLogger - skip non existing resourceDirectory D:\AViIT\Demos\ExtentDemos\ForExtentReport_Listners\src\main\resources
2024-05-25 19:39:36,205 [Worker-14: Building] INFO  o.e.m.c.i.embedder.EclipseLogger - Using 'UTF-8' encoding to copy filtered resources.
2024-05-25 19:39:36,205 [Worker-14: Building] INFO  o.e.m.c.i.embedder.EclipseLogger - skip non existing resourceDirectory D:\AViIT\Demos\ExtentDemos\ForExtentReport_Listners\src\test\resources
2024-05-25 19:44:54,130 [Worker-7: Building] INFO  o.e.m.c.i.embedder.EclipseLogger - Using 'UTF-8' encoding to copy filtered resources.
2024-05-25 19:44:54,130 [Worker-7: Building] INFO  o.e.m.c.i.embedder.EclipseLogger - skip non existing resourceDirectory D:\AViIT\Demos\ExtentDemos\ForExtentReport_Listners\src\main\resources
2024-05-25 19:44:54,132 [Worker-7: Building] INFO  o.e.m.c.i.embedder.EclipseLogger - Using 'UTF-8' encoding to copy filtered resources.
2024-05-25 19:44:54,132 [Worker-7: Building] INFO  o.e.m.c.i.embedder.EclipseLogger - skip non existing resourceDirectory D:\AViIT\Demos\ExtentDemos\ForExtentReport_Listners\src\test\resources
2024-05-25 19:45:43,723 [Worker-18: Building] INFO  o.e.m.c.i.embedder.EclipseLogger - Using 'UTF-8' encoding to copy filtered resources.
2024-05-25 19:45:43,723 [Worker-18: Building] INFO  o.e.m.c.i.embedder.EclipseLogger - skip non existing resourceDirectory D:\AViIT\Demos\ExtentDemos\ForExtentReport_Listners\src\main\resources
2024-05-25 19:45:43,724 [Worker-18: Building] INFO  o.e.m.c.i.embedder.EclipseLogger - Using 'UTF-8' encoding to copy filtered resources.
2024-05-25 19:45:43,724 [Worker-18: Building] INFO  o.e.m.c.i.embedder.EclipseLogger - skip non existing resourceDirectory D:\AViIT\Demos\ExtentDemos\ForExtentReport_Listners\src\test\resources
2024-05-25 19:47:19,841 [Worker-7: Building] INFO  o.e.m.c.i.embedder.EclipseLogger - Using 'UTF-8' encoding to copy filtered resources.
2024-05-25 19:47:19,841 [Worker-7: Building] INFO  o.e.m.c.i.embedder.EclipseLogger - skip non existing resourceDirectory D:\AViIT\Demos\ExtentDemos\ForExtentReport_Listners\src\main\resources
2024-05-25 19:47:19,843 [Worker-7: Building] INFO  o.e.m.c.i.embedder.EclipseLogger - Using 'UTF-8' encoding to copy filtered resources.
2024-05-25 19:47:19,843 [Worker-7: Building] INFO  o.e.m.c.i.embedder.EclipseLogger - skip non existing resourceDirectory D:\AViIT\Demos\ExtentDemos\ForExtentReport_Listners\src\test\resources
2024-05-25 19:47:40,300 [Worker-17: Building] INFO  o.e.m.c.i.embedder.EclipseLogger - Using 'UTF-8' encoding to copy filtered resources.
2024-05-25 19:47:40,300 [Worker-17: Building] INFO  o.e.m.c.i.embedder.EclipseLogger - skip non existing resourceDirectory D:\AViIT\Demos\ExtentDemos\ForExtentReport_Listners\src\main\resources
2024-05-25 19:47:40,301 [Worker-17: Building] INFO  o.e.m.c.i.embedder.EclipseLogger - Using 'UTF-8' encoding to copy filtered resources.
2024-05-25 19:47:40,301 [Worker-17: Building] INFO  o.e.m.c.i.embedder.EclipseLogger - skip non existing resourceDirectory D:\AViIT\Demos\ExtentDemos\ForExtentReport_Listners\src\test\resources
2024-05-25 19:48:00,180 [Worker-7: Building] INFO  o.e.m.c.i.embedder.EclipseLogger - Using 'UTF-8' encoding to copy filtered resources.
2024-05-25 19:48:00,180 [Worker-7: Building] INFO  o.e.m.c.i.embedder.EclipseLogger - skip non existing resourceDirectory D:\AViIT\Demos\ExtentDemos\ForExtentReport_Listners\src\main\resources
2024-05-25 19:48:00,181 [Worker-7: Building] INFO  o.e.m.c.i.embedder.EclipseLogger - Using 'UTF-8' encoding to copy filtered resources.
2024-05-25 19:48:00,182 [Worker-7: Building] INFO  o.e.m.c.i.embedder.EclipseLogger - skip non existing resourceDirectory D:\AViIT\Demos\ExtentDemos\ForExtentReport_Listners\src\test\resources
2024-05-25 19:49:26,839 [Worker-17: Building] INFO  o.e.m.c.i.embedder.EclipseLogger - Using 'UTF-8' encoding to copy filtered resources.
2024-05-25 19:49:26,840 [Worker-17: Building] INFO  o.e.m.c.i.embedder.EclipseLogger - skip non existing resourceDirectory D:\AViIT\Demos\ExtentDemos\ForExtentReport_Listners\src\main\resources
2024-05-25 19:49:26,841 [Worker-17: Building] INFO  o.e.m.c.i.embedder.EclipseLogger - Using 'UTF-8' encoding to copy filtered resources.
2024-05-25 19:49:26,841 [Worker-17: Building] INFO  o.e.m.c.i.embedder.EclipseLogger - skip non existing resourceDirectory D:\AViIT\Demos\ExtentDemos\ForExtentReport_Listners\src\test\resources
2024-05-25 19:49:35,761 [Worker-15: Building] INFO  o.e.m.c.i.embedder.EclipseLogger - Using 'UTF-8' encoding to copy filtered resources.
2024-05-25 19:49:35,762 [Worker-15: Building] INFO  o.e.m.c.i.embedder.EclipseLogger - skip non existing resourceDirectory D:\AViIT\Demos\ExtentDemos\ForExtentReport_Listners\src\main\resources
2024-05-25 19:49:35,763 [Worker-15: Building] INFO  o.e.m.c.i.embedder.EclipseLogger - Using 'UTF-8' encoding to copy filtered resources.
2024-05-25 19:49:35,763 [Worker-15: Building] INFO  o.e.m.c.i.embedder.EclipseLogger - skip non existing resourceDirectory D:\AViIT\Demos\ExtentDemos\ForExtentReport_Listners\src\test\resources
2024-05-25 19:52:08,240 [Worker-7: Building] INFO  o.e.m.c.i.embedder.EclipseLogger - Using 'UTF-8' encoding to copy filtered resources.
2024-05-25 19:52:08,240 [Worker-7: Building] INFO  o.e.m.c.i.embedder.EclipseLogger - skip non existing resourceDirectory D:\AViIT\Demos\ExtentDemos\ForExtentReport_Listners\src\main\resources
2024-05-25 19:52:08,242 [Worker-7: Building] INFO  o.e.m.c.i.embedder.EclipseLogger - Using 'UTF-8' encoding to copy filtered resources.
2024-05-25 19:52:08,242 [Worker-7: Building] INFO  o.e.m.c.i.embedder.EclipseLogger - skip non existing resourceDirectory D:\AViIT\Demos\ExtentDemos\ForExtentReport_Listners\src\test\resources
2024-05-25 19:52:41,563 [Worker-15: Building] INFO  o.e.m.c.i.embedder.EclipseLogger - Using 'UTF-8' encoding to copy filtered resources.
2024-05-25 19:52:41,563 [Worker-15: Building] INFO  o.e.m.c.i.embedder.EclipseLogger - skip non existing resourceDirectory D:\AViIT\Demos\ExtentDemos\ForExtentReport_Listners\src\main\resources
2024-05-25 19:52:41,564 [Worker-15: Building] INFO  o.e.m.c.i.embedder.EclipseLogger - Using 'UTF-8' encoding to copy filtered resources.
2024-05-25 19:52:41,565 [Worker-15: Building] INFO  o.e.m.c.i.embedder.EclipseLogger - skip non existing resourceDirectory D:\AViIT\Demos\ExtentDemos\ForExtentReport_Listners\src\test\resources
2024-05-25 19:53:13,527 [Worker-15: Building] INFO  o.e.m.c.i.embedder.EclipseLogger - Using 'UTF-8' encoding to copy filtered resources.
2024-05-25 19:53:13,527 [Worker-15: Building] INFO  o.e.m.c.i.embedder.EclipseLogger - skip non existing resourceDirectory D:\AViIT\Demos\ExtentDemos\ForExtentReport_Listners\src\main\resources
2024-05-25 19:53:13,528 [Worker-15: Building] INFO  o.e.m.c.i.embedder.EclipseLogger - Using 'UTF-8' encoding to copy filtered resources.
2024-05-25 19:53:13,528 [Worker-15: Building] INFO  o.e.m.c.i.embedder.EclipseLogger - skip non existing resourceDirectory D:\AViIT\Demos\ExtentDemos\ForExtentReport_Listners\src\test\resources
2024-05-25 19:53:50,396 [Worker-7: Building] INFO  o.e.m.c.i.embedder.EclipseLogger - Using 'UTF-8' encoding to copy filtered resources.
2024-05-25 19:53:50,397 [Worker-7: Building] INFO  o.e.m.c.i.embedder.EclipseLogger - skip non existing resourceDirectory D:\AViIT\Demos\ExtentDemos\ForExtentReport_Listners\src\main\resources
2024-05-25 19:53:50,398 [Worker-7: Building] INFO  o.e.m.c.i.embedder.EclipseLogger - Using 'UTF-8' encoding to copy filtered resources.
2024-05-25 19:53:50,398 [Worker-7: Building] INFO  o.e.m.c.i.embedder.EclipseLogger - skip non existing resourceDirectory D:\AViIT\Demos\ExtentDemos\ForExtentReport_Listners\src\test\resources
2024-05-25 19:54:18,852 [Worker-17: Building] INFO  o.e.m.c.i.embedder.EclipseLogger - Using 'UTF-8' encoding to copy filtered resources.
2024-05-25 19:54:18,852 [Worker-17: Building] INFO  o.e.m.c.i.embedder.EclipseLogger - skip non existing resourceDirectory D:\AViIT\Demos\ExtentDemos\ForExtentReport_Listners\src\main\resources
2024-05-25 19:54:18,853 [Worker-17: Building] INFO  o.e.m.c.i.embedder.EclipseLogger - Using 'UTF-8' encoding to copy filtered resources.
2024-05-25 19:54:18,853 [Worker-17: Building] INFO  o.e.m.c.i.embedder.EclipseLogger - skip non existing resourceDirectory D:\AViIT\Demos\ExtentDemos\ForExtentReport_Listners\src\test\resources
2024-05-25 19:54:22,291 [Worker-7: Building] INFO  o.e.m.c.i.embedder.EclipseLogger - Using 'UTF-8' encoding to copy filtered resources.
2024-05-25 19:54:22,291 [Worker-7: Building] INFO  o.e.m.c.i.embedder.EclipseLogger - skip non existing resourceDirectory D:\AViIT\Demos\ExtentDemos\ForExtentReport_Listners\src\main\resources
2024-05-25 19:54:22,293 [Worker-7: Building] INFO  o.e.m.c.i.embedder.EclipseLogger - Using 'UTF-8' encoding to copy filtered resources.
2024-05-25 19:54:22,293 [Worker-7: Building] INFO  o.e.m.c.i.embedder.EclipseLogger - skip non existing resourceDirectory D:\AViIT\Demos\ExtentDemos\ForExtentReport_Listners\src\test\resources
2024-05-25 19:54:37,784 [Worker-7: Building] INFO  o.e.m.c.i.embedder.EclipseLogger - Using 'UTF-8' encoding to copy filtered resources.
2024-05-25 19:54:37,784 [Worker-7: Building] INFO  o.e.m.c.i.embedder.EclipseLogger - skip non existing resourceDirectory D:\AViIT\Demos\ExtentDemos\ForExtentReport_Listners\src\main\resources
2024-05-25 19:54:37,785 [Worker-7: Building] INFO  o.e.m.c.i.embedder.EclipseLogger - Using 'UTF-8' encoding to copy filtered resources.
2024-05-25 19:54:37,786 [Worker-7: Building] INFO  o.e.m.c.i.embedder.EclipseLogger - skip non existing resourceDirectory D:\AViIT\Demos\ExtentDemos\ForExtentReport_Listners\src\test\resources
2024-05-25 19:54:42,147 [Worker-18: Building] INFO  o.e.m.c.i.embedder.EclipseLogger - Using 'UTF-8' encoding to copy filtered resources.
2024-05-25 19:54:42,148 [Worker-18: Building] INFO  o.e.m.c.i.embedder.EclipseLogger - skip non existing resourceDirectory D:\AViIT\Demos\ExtentDemos\ForExtentReport_Listners\src\main\resources
2024-05-25 19:54:42,148 [Worker-18: Building] INFO  o.e.m.c.i.embedder.EclipseLogger - Using 'UTF-8' encoding to copy filtered resources.
2024-05-25 19:54:42,148 [Worker-18: Building] INFO  o.e.m.c.i.embedder.EclipseLogger - skip non existing resourceDirectory D:\AViIT\Demos\ExtentDemos\ForExtentReport_Listners\src\test\resources
2024-05-25 19:55:21,528 [Worker-19: Building] INFO  o.e.m.c.i.embedder.EclipseLogger - Using 'UTF-8' encoding to copy filtered resources.
2024-05-25 19:55:21,528 [Worker-19: Building] INFO  o.e.m.c.i.embedder.EclipseLogger - skip non existing resourceDirectory D:\AViIT\Demos\ExtentDemos\ForExtentReport_Listners\src\main\resources
2024-05-25 19:55:21,531 [Worker-19: Building] INFO  o.e.m.c.i.embedder.EclipseLogger - Using 'UTF-8' encoding to copy filtered resources.
2024-05-25 19:55:21,531 [Worker-19: Building] INFO  o.e.m.c.i.embedder.EclipseLogger - skip non existing resourceDirectory D:\AViIT\Demos\ExtentDemos\ForExtentReport_Listners\src\test\resources
2024-05-25 19:55:43,710 [Worker-18: Building] INFO  o.e.m.c.i.embedder.EclipseLogger - Using 'UTF-8' encoding to copy filtered resources.
2024-05-25 19:55:43,710 [Worker-18: Building] INFO  o.e.m.c.i.embedder.EclipseLogger - skip non existing resourceDirectory D:\AViIT\Demos\ExtentDemos\ForExtentReport_Listners\src\main\resources
2024-05-25 19:55:43,711 [Worker-18: Building] INFO  o.e.m.c.i.embedder.EclipseLogger - Using 'UTF-8' encoding to copy filtered resources.
2024-05-25 19:55:43,711 [Worker-18: Building] INFO  o.e.m.c.i.embedder.EclipseLogger - skip non existing resourceDirectory D:\AViIT\Demos\ExtentDemos\ForExtentReport_Listners\src\test\resources
2024-05-25 19:56:32,783 [Worker-17: Building] INFO  o.e.m.c.i.embedder.EclipseLogger - Using 'UTF-8' encoding to copy filtered resources.
2024-05-25 19:56:32,784 [Worker-17: Building] INFO  o.e.m.c.i.embedder.EclipseLogger - skip non existing resourceDirectory D:\AViIT\Demos\ExtentDemos\ForExtentReport_Listners\src\main\resources
2024-05-25 19:56:32,785 [Worker-17: Building] INFO  o.e.m.c.i.embedder.EclipseLogger - Using 'UTF-8' encoding to copy filtered resources.
2024-05-25 19:56:32,786 [Worker-17: Building] INFO  o.e.m.c.i.embedder.EclipseLogger - skip non existing resourceDirectory D:\AViIT\Demos\ExtentDemos\ForExtentReport_Listners\src\test\resources
2024-05-25 19:58:23,738 [Worker-19: Building] INFO  o.e.m.c.i.embedder.EclipseLogger - Using 'UTF-8' encoding to copy filtered resources.
2024-05-25 19:58:23,738 [Worker-19: Building] INFO  o.e.m.c.i.embedder.EclipseLogger - skip non existing resourceDirectory D:\AViIT\Demos\ExtentDemos\ForExtentReport_Listners\src\main\resources
2024-05-25 19:58:23,739 [Worker-19: Building] INFO  o.e.m.c.i.embedder.EclipseLogger - Using 'UTF-8' encoding to copy filtered resources.
2024-05-25 19:58:23,739 [Worker-19: Building] INFO  o.e.m.c.i.embedder.EclipseLogger - skip non existing resourceDirectory D:\AViIT\Demos\ExtentDemos\ForExtentReport_Listners\src\test\resources
2024-05-25 19:59:58,837 [Worker-24: Building] INFO  o.e.m.c.i.embedder.EclipseLogger - Using 'UTF-8' encoding to copy filtered resources.
2024-05-25 19:59:58,837 [Worker-24: Building] INFO  o.e.m.c.i.embedder.EclipseLogger - skip non existing resourceDirectory D:\AViIT\Demos\ExtentDemos\ForExtentReport_Listners\src\main\resources
2024-05-25 19:59:58,838 [Worker-24: Building] INFO  o.e.m.c.i.embedder.EclipseLogger - Using 'UTF-8' encoding to copy filtered resources.
2024-05-25 19:59:58,838 [Worker-24: Building] INFO  o.e.m.c.i.embedder.EclipseLogger - skip non existing resourceDirectory D:\AViIT\Demos\ExtentDemos\ForExtentReport_Listners\src\test\resources
2024-05-25 20:02:22,693 [Worker-24: Building] INFO  o.e.m.c.i.embedder.EclipseLogger - Using 'UTF-8' encoding to copy filtered resources.
2024-05-25 20:02:22,693 [Worker-24: Building] INFO  o.e.m.c.i.embedder.EclipseLogger - skip non existing resourceDirectory D:\AViIT\Demos\ExtentDemos\ForExtentReport_Listners\src\main\resources
2024-05-25 20:02:22,695 [Worker-24: Building] INFO  o.e.m.c.i.embedder.EclipseLogger - Using 'UTF-8' encoding to copy filtered resources.
2024-05-25 20:02:22,695 [Worker-24: Building] INFO  o.e.m.c.i.embedder.EclipseLogger - skip non existing resourceDirectory D:\AViIT\Demos\ExtentDemos\ForExtentReport_Listners\src\test\resources
2024-05-25 20:02:51,471 [Worker-25: Building] INFO  o.e.m.c.i.embedder.EclipseLogger - Using 'UTF-8' encoding to copy filtered resources.
2024-05-25 20:02:51,471 [Worker-25: Building] INFO  o.e.m.c.i.embedder.EclipseLogger - skip non existing resourceDirectory D:\AViIT\Demos\ExtentDemos\ForExtentReport_Listners\src\main\resources
2024-05-25 20:02:51,472 [Worker-25: Building] INFO  o.e.m.c.i.embedder.EclipseLogger - Using 'UTF-8' encoding to copy filtered resources.
2024-05-25 20:02:51,473 [Worker-25: Building] INFO  o.e.m.c.i.embedder.EclipseLogger - skip non existing resourceDirectory D:\AViIT\Demos\ExtentDemos\ForExtentReport_Listners\src\test\resources
2024-05-25 20:04:06,171 [Worker-24: Building] INFO  o.e.m.c.i.embedder.EclipseLogger - Using 'UTF-8' encoding to copy filtered resources.
2024-05-25 20:04:06,171 [Worker-24: Building] INFO  o.e.m.c.i.embedder.EclipseLogger - skip non existing resourceDirectory D:\AViIT\Demos\ExtentDemos\ForExtentReport_Listners\src\main\resources
2024-05-25 20:04:06,172 [Worker-24: Building] INFO  o.e.m.c.i.embedder.EclipseLogger - Using 'UTF-8' encoding to copy filtered resources.
2024-05-25 20:04:06,173 [Worker-24: Building] INFO  o.e.m.c.i.embedder.EclipseLogger - skip non existing resourceDirectory D:\AViIT\Demos\ExtentDemos\ForExtentReport_Listners\src\test\resources
2024-05-25 20:04:33,873 [Worker-21: Building] INFO  o.e.m.c.i.embedder.EclipseLogger - Using 'UTF-8' encoding to copy filtered resources.
2024-05-25 20:04:33,874 [Worker-21: Building] INFO  o.e.m.c.i.embedder.EclipseLogger - skip non existing resourceDirectory D:\AViIT\Demos\ExtentDemos\ForExtentReport_Listners\src\main\resources
2024-05-25 20:04:33,875 [Worker-21: Building] INFO  o.e.m.c.i.embedder.EclipseLogger - Using 'UTF-8' encoding to copy filtered resources.
2024-05-25 20:04:33,875 [Worker-21: Building] INFO  o.e.m.c.i.embedder.EclipseLogger - skip non existing resourceDirectory D:\AViIT\Demos\ExtentDemos\ForExtentReport_Listners\src\test\resources
2024-05-25 20:04:36,341 [Worker-22: Building] INFO  o.e.m.c.i.embedder.EclipseLogger - Using 'UTF-8' encoding to copy filtered resources.
2024-05-25 20:04:36,341 [Worker-22: Building] INFO  o.e.m.c.i.embedder.EclipseLogger - skip non existing resourceDirectory D:\AViIT\Demos\ExtentDemos\ForExtentReport_Listners\src\main\resources
2024-05-25 20:04:36,342 [Worker-22: Building] INFO  o.e.m.c.i.embedder.EclipseLogger - Using 'UTF-8' encoding to copy filtered resources.
2024-05-25 20:04:36,342 [Worker-22: Building] INFO  o.e.m.c.i.embedder.EclipseLogger - skip non existing resourceDirectory D:\AViIT\Demos\ExtentDemos\ForExtentReport_Listners\src\test\resources
2024-05-25 20:10:03,572 [Worker-24: Building] INFO  o.e.m.c.i.embedder.EclipseLogger - Using 'UTF-8' encoding to copy filtered resources.
2024-05-25 20:10:03,572 [Worker-24: Building] INFO  o.e.m.c.i.embedder.EclipseLogger - skip non existing resourceDirectory D:\AViIT\Demos\ExtentDemos\ForExtentReport_Listners\src\main\resources
2024-05-25 20:10:03,574 [Worker-24: Building] INFO  o.e.m.c.i.embedder.EclipseLogger - Using 'UTF-8' encoding to copy filtered resources.
2024-05-25 20:10:03,574 [Worker-24: Building] INFO  o.e.m.c.i.embedder.EclipseLogger - skip non existing resourceDirectory D:\AViIT\Demos\ExtentDemos\ForExtentReport_Listners\src\test\resources
2024-05-25 20:12:42,238 [Worker-27: Building] INFO  o.e.m.c.i.embedder.EclipseLogger - Using 'UTF-8' encoding to copy filtered resources.
2024-05-25 20:12:42,238 [Worker-27: Building] INFO  o.e.m.c.i.embedder.EclipseLogger - skip non existing resourceDirectory D:\AViIT\Demos\ExtentDemos\ForExtentReport_Listners\src\main\resources
2024-05-25 20:12:42,239 [Worker-27: Building] INFO  o.e.m.c.i.embedder.EclipseLogger - Using 'UTF-8' encoding to copy filtered resources.
2024-05-25 20:12:42,239 [Worker-27: Building] INFO  o.e.m.c.i.embedder.EclipseLogger - skip non existing resourceDirectory D:\AViIT\Demos\ExtentDemos\ForExtentReport_Listners\src\test\resources
2024-05-25 20:12:55,503 [Worker-27: Building] INFO  o.e.m.c.i.embedder.EclipseLogger - Using 'UTF-8' encoding to copy filtered resources.
2024-05-25 20:12:55,503 [Worker-27: Building] INFO  o.e.m.c.i.embedder.EclipseLogger - skip non existing resourceDirectory D:\AViIT\Demos\ExtentDemos\ForExtentReport_Listners\src\main\resources
2024-05-25 20:12:55,504 [Worker-27: Building] INFO  o.e.m.c.i.embedder.EclipseLogger - Using 'UTF-8' encoding to copy filtered resources.
2024-05-25 20:12:55,504 [Worker-27: Building] INFO  o.e.m.c.i.embedder.EclipseLogger - skip non existing resourceDirectory D:\AViIT\Demos\ExtentDemos\ForExtentReport_Listners\src\test\resources
2024-05-25 20:13:15,680 [Worker-28: Building] INFO  o.e.m.c.i.embedder.EclipseLogger - Using 'UTF-8' encoding to copy filtered resources.
2024-05-25 20:13:15,680 [Worker-28: Building] INFO  o.e.m.c.i.embedder.EclipseLogger - skip non existing resourceDirectory D:\AViIT\Demos\ExtentDemos\ForExtentReport_Listners\src\main\resources
2024-05-25 20:13:15,682 [Worker-28: Building] INFO  o.e.m.c.i.embedder.EclipseLogger - Using 'UTF-8' encoding to copy filtered resources.
2024-05-25 20:13:15,682 [Worker-28: Building] INFO  o.e.m.c.i.embedder.EclipseLogger - skip non existing resourceDirectory D:\AViIT\Demos\ExtentDemos\ForExtentReport_Listners\src\test\resources
2024-05-25 20:14:14,703 [Worker-28: Building] INFO  o.e.m.c.i.embedder.EclipseLogger - Using 'UTF-8' encoding to copy filtered resources.
2024-05-25 20:14:14,703 [Worker-28: Building] INFO  o.e.m.c.i.embedder.EclipseLogger - skip non existing resourceDirectory D:\AViIT\Demos\ExtentDemos\ForExtentReport_Listners\src\main\resources
2024-05-25 20:14:14,704 [Worker-28: Building] INFO  o.e.m.c.i.embedder.EclipseLogger - Using 'UTF-8' encoding to copy filtered resources.
2024-05-25 20:14:14,704 [Worker-28: Building] INFO  o.e.m.c.i.embedder.EclipseLogger - skip non existing resourceDirectory D:\AViIT\Demos\ExtentDemos\ForExtentReport_Listners\src\test\resources
2024-05-25 20:14:29,178 [Worker-28: Building] INFO  o.e.m.c.i.embedder.EclipseLogger - Using 'UTF-8' encoding to copy filtered resources.
2024-05-25 20:14:29,179 [Worker-28: Building] INFO  o.e.m.c.i.embedder.EclipseLogger - skip non existing resourceDirectory D:\AViIT\Demos\ExtentDemos\ForExtentReport_Listners\src\main\resources
2024-05-25 20:14:29,180 [Worker-28: Building] INFO  o.e.m.c.i.embedder.EclipseLogger - Using 'UTF-8' encoding to copy filtered resources.
2024-05-25 20:14:29,180 [Worker-28: Building] INFO  o.e.m.c.i.embedder.EclipseLogger - skip non existing resourceDirectory D:\AViIT\Demos\ExtentDemos\ForExtentReport_Listners\src\test\resources
2024-05-25 20:16:46,179 [Worker-30: Building] INFO  o.e.m.c.i.embedder.EclipseLogger - Using 'UTF-8' encoding to copy filtered resources.
2024-05-25 20:16:46,180 [Worker-30: Building] INFO  o.e.m.c.i.embedder.EclipseLogger - skip non existing resourceDirectory D:\AViIT\Demos\ExtentDemos\ForExtentReport_Listners\src\main\resources
2024-05-25 20:16:46,181 [Worker-30: Building] INFO  o.e.m.c.i.embedder.EclipseLogger - Using 'UTF-8' encoding to copy filtered resources.
2024-05-25 20:16:46,181 [Worker-30: Building] INFO  o.e.m.c.i.embedder.EclipseLogger - skip non existing resourceDirectory D:\AViIT\Demos\ExtentDemos\ForExtentReport_Listners\src\test\resources
2024-05-25 20:17:12,631 [Worker-29: Building] INFO  o.e.m.c.i.embedder.EclipseLogger - Using 'UTF-8' encoding to copy filtered resources.
2024-05-25 20:17:12,631 [Worker-29: Building] INFO  o.e.m.c.i.embedder.EclipseLogger - skip non existing resourceDirectory D:\AViIT\Demos\ExtentDemos\ForExtentReport_Listners\src\main\resources
2024-05-25 20:17:12,633 [Worker-29: Building] INFO  o.e.m.c.i.embedder.EclipseLogger - Using 'UTF-8' encoding to copy filtered resources.
2024-05-25 20:17:12,633 [Worker-29: Building] INFO  o.e.m.c.i.embedder.EclipseLogger - skip non existing resourceDirectory D:\AViIT\Demos\ExtentDemos\ForExtentReport_Listners\src\test\resources
2024-05-25 20:18:36,058 [Worker-32: Building] INFO  o.e.m.c.i.embedder.EclipseLogger - Using 'UTF-8' encoding to copy filtered resources.
2024-05-25 20:18:36,058 [Worker-32: Building] INFO  o.e.m.c.i.embedder.EclipseLogger - skip non existing resourceDirectory D:\AViIT\Demos\ExtentDemos\ForExtentReport_Listners\src\main\resources
2024-05-25 20:18:36,059 [Worker-32: Building] INFO  o.e.m.c.i.embedder.EclipseLogger - Using 'UTF-8' encoding to copy filtered resources.
2024-05-25 20:18:36,059 [Worker-32: Building] INFO  o.e.m.c.i.embedder.EclipseLogger - skip non existing resourceDirectory D:\AViIT\Demos\ExtentDemos\ForExtentReport_Listners\src\test\resources
2024-05-25 20:18:41,456 [Worker-33: Building] INFO  o.e.m.c.i.embedder.EclipseLogger - Using 'UTF-8' encoding to copy filtered resources.
2024-05-25 20:18:41,456 [Worker-33: Building] INFO  o.e.m.c.i.embedder.EclipseLogger - skip non existing resourceDirectory D:\AViIT\Demos\ExtentDemos\ForExtentReport_Listners\src\main\resources
2024-05-25 20:18:41,457 [Worker-33: Building] INFO  o.e.m.c.i.embedder.EclipseLogger - Using 'UTF-8' encoding to copy filtered resources.
2024-05-25 20:18:41,458 [Worker-33: Building] INFO  o.e.m.c.i.embedder.EclipseLogger - skip non existing resourceDirectory D:\AViIT\Demos\ExtentDemos\ForExtentReport_Listners\src\test\resources
2024-05-25 20:19:58,088 [Worker-29: Building] INFO  o.e.m.c.i.embedder.EclipseLogger - Using 'UTF-8' encoding to copy filtered resources.
2024-05-25 20:19:58,088 [Worker-29: Building] INFO  o.e.m.c.i.embedder.EclipseLogger - skip non existing resourceDirectory D:\AViIT\Demos\ExtentDemos\ForExtentReport_Listners\src\main\resources
2024-05-25 20:19:58,089 [Worker-29: Building] INFO  o.e.m.c.i.embedder.EclipseLogger - Using 'UTF-8' encoding to copy filtered resources.
2024-05-25 20:19:58,089 [Worker-29: Building] INFO  o.e.m.c.i.embedder.EclipseLogger - skip non existing resourceDirectory D:\AViIT\Demos\ExtentDemos\ForExtentReport_Listners\src\test\resources
2024-05-25 20:20:10,071 [Worker-31: Building] INFO  o.e.m.c.i.embedder.EclipseLogger - Using 'UTF-8' encoding to copy filtered resources.
2024-05-25 20:20:10,071 [Worker-31: Building] INFO  o.e.m.c.i.embedder.EclipseLogger - skip non existing resourceDirectory D:\AViIT\Demos\ExtentDemos\ForExtentReport_Listners\src\main\resources
2024-05-25 20:20:10,073 [Worker-31: Building] INFO  o.e.m.c.i.embedder.EclipseLogger - Using 'UTF-8' encoding to copy filtered resources.
2024-05-25 20:20:10,073 [Worker-31: Building] INFO  o.e.m.c.i.embedder.EclipseLogger - skip non existing resourceDirectory D:\AViIT\Demos\ExtentDemos\ForExtentReport_Listners\src\test\resources
2024-05-25 20:20:21,698 [Worker-27: Building] INFO  o.e.m.c.i.embedder.EclipseLogger - Using 'UTF-8' encoding to copy filtered resources.
2024-05-25 20:20:21,698 [Worker-27: Building] INFO  o.e.m.c.i.embedder.EclipseLogger - skip non existing resourceDirectory D:\AViIT\Demos\ExtentDemos\ForExtentReport_Listners\src\main\resources
2024-05-25 20:20:21,700 [Worker-27: Building] INFO  o.e.m.c.i.embedder.EclipseLogger - Using 'UTF-8' encoding to copy filtered resources.
2024-05-25 20:20:21,700 [Worker-27: Building] INFO  o.e.m.c.i.embedder.EclipseLogger - skip non existing resourceDirectory D:\AViIT\Demos\ExtentDemos\ForExtentReport_Listners\src\test\resources
2024-05-25 20:20:34,273 [Worker-29: Building] INFO  o.e.m.c.i.embedder.EclipseLogger - Using 'UTF-8' encoding to copy filtered resources.
2024-05-25 20:20:34,274 [Worker-29: Building] INFO  o.e.m.c.i.embedder.EclipseLogger - skip non existing resourceDirectory D:\AViIT\Demos\ExtentDemos\ForExtentReport_Listners\src\main\resources
2024-05-25 20:20:34,275 [Worker-29: Building] INFO  o.e.m.c.i.embedder.EclipseLogger - Using 'UTF-8' encoding to copy filtered resources.
2024-05-25 20:20:34,275 [Worker-29: Building] INFO  o.e.m.c.i.embedder.EclipseLogger - skip non existing resourceDirectory D:\AViIT\Demos\ExtentDemos\ForExtentReport_Listners\src\test\resources
2024-05-25 20:22:26,152 [Worker-33: Building] INFO  o.e.m.c.i.embedder.EclipseLogger - Using 'UTF-8' encoding to copy filtered resources.
2024-05-25 20:22:26,153 [Worker-33: Building] INFO  o.e.m.c.i.embedder.EclipseLogger - skip non existing resourceDirectory D:\AViIT\Demos\ExtentDemos\ForExtentReport_Listners\src\main\resources
2024-05-25 20:22:26,154 [Worker-33: Building] INFO  o.e.m.c.i.embedder.EclipseLogger - Using 'UTF-8' encoding to copy filtered resources.
2024-05-25 20:22:26,154 [Worker-33: Building] INFO  o.e.m.c.i.embedder.EclipseLogger - skip non existing resourceDirectory D:\AViIT\Demos\ExtentDemos\ForExtentReport_Listners\src\test\resources
2024-05-25 20:23:45,492 [Worker-31: Building] INFO  o.e.m.c.i.embedder.EclipseLogger - Using 'UTF-8' encoding to copy filtered resources.
2024-05-25 20:23:45,492 [Worker-31: Building] INFO  o.e.m.c.i.embedder.EclipseLogger - skip non existing resourceDirectory D:\AViIT\Demos\ExtentDemos\ForExtentReport_Listners\src\main\resources
2024-05-25 20:23:45,493 [Worker-31: Building] INFO  o.e.m.c.i.embedder.EclipseLogger - Using 'UTF-8' encoding to copy filtered resources.
2024-05-25 20:23:45,493 [Worker-31: Building] INFO  o.e.m.c.i.embedder.EclipseLogger - skip non existing resourceDirectory D:\AViIT\Demos\ExtentDemos\ForExtentReport_Listners\src\test\resources
2024-05-25 20:24:40,413 [Worker-35: Building] INFO  o.e.m.c.i.embedder.EclipseLogger - Using 'UTF-8' encoding to copy filtered resources.
2024-05-25 20:24:40,414 [Worker-35: Building] INFO  o.e.m.c.i.embedder.EclipseLogger - skip non existing resourceDirectory D:\AViIT\Demos\ExtentDemos\ForExtentReport_Listners\src\main\resources
2024-05-25 20:24:40,415 [Worker-35: Building] INFO  o.e.m.c.i.embedder.EclipseLogger - Using 'UTF-8' encoding to copy filtered resources.
2024-05-25 20:24:40,415 [Worker-35: Building] INFO  o.e.m.c.i.embedder.EclipseLogger - skip non existing resourceDirectory D:\AViIT\Demos\ExtentDemos\ForExtentReport_Listners\src\test\resources
2024-05-25 20:24:46,135 [Worker-33: Building] INFO  o.e.m.c.i.embedder.EclipseLogger - Using 'UTF-8' encoding to copy filtered resources.
2024-05-25 20:24:46,136 [Worker-33: Building] INFO  o.e.m.c.i.embedder.EclipseLogger - skip non existing resourceDirectory D:\AViIT\Demos\ExtentDemos\ForExtentReport_Listners\src\main\resources
2024-05-25 20:24:46,137 [Worker-33: Building] INFO  o.e.m.c.i.embedder.EclipseLogger - Using 'UTF-8' encoding to copy filtered resources.
2024-05-25 20:24:46,137 [Worker-33: Building] INFO  o.e.m.c.i.embedder.EclipseLogger - skip non existing resourceDirectory D:\AViIT\Demos\ExtentDemos\ForExtentReport_Listners\src\test\resources
2024-05-25 20:25:33,906 [Worker-31: Building] INFO  o.e.m.c.i.embedder.EclipseLogger - Using 'UTF-8' encoding to copy filtered resources.
2024-05-25 20:25:33,906 [Worker-31: Building] INFO  o.e.m.c.i.embedder.EclipseLogger - skip non existing resourceDirectory D:\AViIT\Demos\ExtentDemos\ForExtentReport_Listners\src\main\resources
2024-05-25 20:25:33,908 [Worker-31: Building] INFO  o.e.m.c.i.embedder.EclipseLogger - Using 'UTF-8' encoding to copy filtered resources.
2024-05-25 20:25:33,908 [Worker-31: Building] INFO  o.e.m.c.i.embedder.EclipseLogger - skip non existing resourceDirectory D:\AViIT\Demos\ExtentDemos\ForExtentReport_Listners\src\test\resources
2024-05-25 20:25:55,937 [Worker-31: Building] INFO  o.e.m.c.i.embedder.EclipseLogger - Using 'UTF-8' encoding to copy filtered resources.
2024-05-25 20:25:55,937 [Worker-31: Building] INFO  o.e.m.c.i.embedder.EclipseLogger - skip non existing resourceDirectory D:\AViIT\Demos\ExtentDemos\ForExtentReport_Listners\src\main\resources
2024-05-25 20:25:55,938 [Worker-31: Building] INFO  o.e.m.c.i.embedder.EclipseLogger - Using 'UTF-8' encoding to copy filtered resources.
2024-05-25 20:25:55,938 [Worker-31: Building] INFO  o.e.m.c.i.embedder.EclipseLogger - skip non existing resourceDirectory D:\AViIT\Demos\ExtentDemos\ForExtentReport_Listners\src\test\resources
2024-05-25 20:27:27,323 [Worker-35: Building] INFO  o.e.m.c.i.embedder.EclipseLogger - Using 'UTF-8' encoding to copy filtered resources.
2024-05-25 20:27:27,323 [Worker-35: Building] INFO  o.e.m.c.i.embedder.EclipseLogger - skip non existing resourceDirectory D:\AViIT\Demos\ExtentDemos\ForExtentReport_Listners\src\main\resources
2024-05-25 20:27:27,324 [Worker-35: Building] INFO  o.e.m.c.i.embedder.EclipseLogger - Using 'UTF-8' encoding to copy filtered resources.
2024-05-25 20:27:27,324 [Worker-35: Building] INFO  o.e.m.c.i.embedder.EclipseLogger - skip non existing resourceDirectory D:\AViIT\Demos\ExtentDemos\ForExtentReport_Listners\src\test\resources
2024-05-25 20:28:05,767 [Worker-36: Building] INFO  o.e.m.c.i.embedder.EclipseLogger - Using 'UTF-8' encoding to copy filtered resources.
2024-05-25 20:28:05,768 [Worker-36: Building] INFO  o.e.m.c.i.embedder.EclipseLogger - skip non existing resourceDirectory D:\AViIT\Demos\ExtentDemos\ForExtentReport_Listners\src\main\resources
2024-05-25 20:28:05,769 [Worker-36: Building] INFO  o.e.m.c.i.embedder.EclipseLogger - Using 'UTF-8' encoding to copy filtered resources.
2024-05-25 20:28:05,770 [Worker-36: Building] INFO  o.e.m.c.i.embedder.EclipseLogger - skip non existing resourceDirectory D:\AViIT\Demos\ExtentDemos\ForExtentReport_Listners\src\test\resources
